<?xml version="1.0" encoding="UTF-8"?>
<!-- Generated by org.testng.reporters.JUnitReportReporter -->
<testsuite hostname="UMESH-PC" failures="0" tests="5" name="com.progressional.qa.testcases.LoginTest" time="96.303" errors="0" timestamp="2024-08-12T14:19:23 IST" skipped="0">
  <testcase classname="com.progressional.qa.testcases.LoginTest" name="verifyLoginWithValidCredentials" time="21.482"/>
  <testcase classname="com.progressional.qa.testcases.LoginTest" name="verifyLoginWithInvalidCredentials" time="15.053"/>
  <testcase classname="com.progressional.qa.testcases.LoginTest" name="verifyLoginWithInvalidEmailAndValidPassword" time="29.843"/>
  <testcase classname="com.progressional.qa.testcases.LoginTest" name="verifyLoginWithValidEmailAndInvalidPassword" time="14.473"/>
  <testcase classname="com.progressional.qa.testcases.LoginTest" name="verifyLoginWithoutProvidingCredentials" time="15.452"/>
</testsuite> <!-- com.progressional.qa.testcases.LoginTest -->
