<?xml version="1.0" encoding="UTF-8"?>
<!-- Generated by org.testng.reporters.JUnitReportReporter -->
<testsuite hostname="UMESH-PC" failures="0" tests="3" name="com.progressional.qa.testcases.RegisterTest" time="143.838" errors="0" timestamp="2024-10-15T21:24:33 IST" skipped="0">
  <testcase classname="com.progressional.qa.testcases.RegisterTest" name="verifyRegisteringAnAccountWithMandatoryFields" time="80.351"/>
  <testcase classname="com.progressional.qa.testcases.RegisterTest" name="verifyRegisteringAccountWithExistingEmailAddress" time="49.380"/>
  <testcase classname="com.progressional.qa.testcases.RegisterTest" name="verifyRegisteringAccountWithoutFillingAnyDetails" time="14.107"/>
</testsuite> <!-- com.progressional.qa.testcases.RegisterTest -->
