<?xml version="1.0" encoding="UTF-8"?>
<!-- Generated by org.testng.reporters.JUnitReportReporter -->
<testsuite hostname="UMESH-PC" failures="0" tests="3" name="com.progressional.qa.testcases.RegisterTest" time="176.474" errors="0" timestamp="2024-04-25T23:02:48 IST" skipped="0">
  <testcase classname="com.progressional.qa.testcases.RegisterTest" name="verifyRegisteringAnAccountWithMandatoryFields" time="65.200"/>
  <testcase classname="com.progressional.qa.testcases.RegisterTest" name="verifyRegisteringAccountWithExistingEmailAddress" time="69.772"/>
  <testcase classname="com.progressional.qa.testcases.RegisterTest" name="verifyRegisteringAccountWithoutFillingAnyDetails" time="41.502"/>
</testsuite> <!-- com.progressional.qa.testcases.RegisterTest -->
