<?xml version="1.0" encoding="UTF-8"?>
<!-- Generated by org.testng.reporters.JUnitReportReporter -->
<testsuite hostname="UMESH-PC" failures="0" tests="3" name="com.progressional.qa.testcases.RegisterTest" time="229.123" errors="0" timestamp="2024-01-27T23:45:19 IST" skipped="0">
  <testcase classname="com.progressional.qa.testcases.RegisterTest" name="verifyRegisteringAnAccountWithMandatoryFields" time="55.671"/>
  <testcase classname="com.progressional.qa.testcases.RegisterTest" name="verifyRegisteringAccountWithExistingEmailAddress" time="105.908"/>
  <testcase classname="com.progressional.qa.testcases.RegisterTest" name="verifyRegisteringAccountWithoutFillingAnyDetails" time="67.544"/>
</testsuite> <!-- com.progressional.qa.testcases.RegisterTest -->
