<?xml version="1.0" encoding="UTF-8"?>
<!-- Generated by org.testng.reporters.JUnitReportReporter -->
<testsuite hostname="UMESH-PC" failures="0" tests="1" name="com.progressional.qa.testcases.UpdateprofileTest" time="18.544" errors="0" timestamp="2024-04-25T23:02:48 IST" skipped="0">
  <testcase classname="com.progressional.qa.testcases.UpdateprofileTest" name="updatePersonalDetailsPageManadatoryFields" time="18.544"/>
</testsuite> <!-- com.progressional.qa.testcases.UpdateprofileTest -->
