<?xml version="1.0" encoding="UTF-8"?>
<!-- Generated by org.testng.reporters.JUnitReportReporter -->
<testsuite hostname="UMESH-PC" failures="0" tests="5" name="com.progressional.qa.testcases.LoginTest" time="319.790" errors="0" timestamp="2024-09-08T22:47:12 IST" skipped="0">
  <testcase classname="com.progressional.qa.testcases.LoginTest" name="verifyLoginWithValidCredentials" time="70.005"/>
  <testcase classname="com.progressional.qa.testcases.LoginTest" name="verifyLoginWithInvalidCredentials" time="47.663"/>
  <testcase classname="com.progressional.qa.testcases.LoginTest" name="verifyLoginWithInvalidEmailAndValidPassword" time="80.665"/>
  <testcase classname="com.progressional.qa.testcases.LoginTest" name="verifyLoginWithValidEmailAndInvalidPassword" time="62.030"/>
  <testcase classname="com.progressional.qa.testcases.LoginTest" name="verifyLoginWithoutProvidingCredentials" time="59.427"/>
</testsuite> <!-- com.progressional.qa.testcases.LoginTest -->
