<?xml version="1.0" encoding="UTF-8"?>
<!-- Generated by org.testng.reporters.JUnitReportReporter -->
<testsuite hostname="UMESH-PC" failures="0" tests="1" name="com.progressional.qa.testcases.UpdateprofileTest" time="63.719" errors="0" timestamp="2024-05-28T22:21:41 IST" skipped="0">
  <testcase classname="com.progressional.qa.testcases.UpdateprofileTest" name="updatePersonalDetailsPageManadatoryFields" time="63.719"/>
</testsuite> <!-- com.progressional.qa.testcases.UpdateprofileTest -->
