<?xml version="1.0" encoding="UTF-8"?>
<!-- Generated by org.testng.reporters.JUnitReportReporter -->
<testsuite hostname="UMESH-PC" failures="0" tests="3" name="com.progressional.qa.testcases.RegisterTest" time="37.519" errors="0" timestamp="2024-10-15T23:07:36 IST" skipped="0">
  <testcase classname="com.progressional.qa.testcases.RegisterTest" name="verifyRegisteringAnAccountWithMandatoryFields" time="13.086"/>
  <testcase classname="com.progressional.qa.testcases.RegisterTest" name="verifyRegisteringAccountWithExistingEmailAddress" time="12.202"/>
  <testcase classname="com.progressional.qa.testcases.RegisterTest" name="verifyRegisteringAccountWithoutFillingAnyDetails" time="12.231"/>
</testsuite> <!-- com.progressional.qa.testcases.RegisterTest -->
