<?xml version="1.0" encoding="UTF-8"?>
<!-- Generated by org.testng.reporters.JUnitReportReporter -->
<testsuite hostname="UMESH-PC" failures="0" tests="5" name="com.progressional.qa.testcases.LoginTest" time="98.751" errors="0" timestamp="2024-10-15T23:07:36 IST" skipped="0">
  <testcase classname="com.progressional.qa.testcases.LoginTest" name="verifyLoginWithValidCredentials" time="18.804"/>
  <testcase classname="com.progressional.qa.testcases.LoginTest" name="verifyLoginWithInvalidCredentials" time="20.662"/>
  <testcase classname="com.progressional.qa.testcases.LoginTest" name="verifyLoginWithInvalidEmailAndValidPassword" time="26.636"/>
  <testcase classname="com.progressional.qa.testcases.LoginTest" name="verifyLoginWithValidEmailAndInvalidPassword" time="19.668"/>
  <testcase classname="com.progressional.qa.testcases.LoginTest" name="verifyLoginWithoutProvidingCredentials" time="12.981"/>
</testsuite> <!-- com.progressional.qa.testcases.LoginTest -->
