<?xml version="1.0" encoding="UTF-8"?>
<!-- Generated by org.testng.reporters.JUnitReportReporter -->
<testsuite hostname="UMESH-PC" failures="0" tests="1" name="com.progressional.qa.testcases.UpdateprofileTest" time="11.518" errors="0" timestamp="2024-10-15T23:07:36 IST" skipped="0">
  <testcase classname="com.progressional.qa.testcases.UpdateprofileTest" name="updatePersonalDetailsPageManadatoryFields" time="11.518"/>
</testsuite> <!-- com.progressional.qa.testcases.UpdateprofileTest -->
